[2021-02-10 09:34:21.657872] [2548584] [info] [Init.h:39(SetLogger)] Server Start!
[2021-02-10 09:34:21.658583] [2548584] [info] [IPlugin.h:35(IPlugin)] plugin[UserManagePlugin] started
[2021-02-10 09:34:21.658646] [2548584] [info] [IPlugin.h:35(IPlugin)] plugin[MarketPlugin] started
[2021-02-10 09:34:21.658723] [2548584] [info] [CTcpServer.cpp:16(CTcpServer)] after doAccept
[2021-02-10 09:37:18.078297] [2548584] [info] [CTcpServer.cpp:36(operator())] socketfd is 8
[2021-02-10 09:37:18.079357] [2548584] [error] [CTcpSession.cpp:96(operator())] contentLen oversize, ftdc_topicid[12325]
[2021-02-10 09:37:18.079717] [2548584] [error] [CTcpSession.cpp:96(operator())] contentLen oversize, ftdc_topicid[12327]
[2021-02-10 16:13:05.020279] [20029] [info] [Init.h:39(SetLogger)] Server Start!
[2021-02-10 16:13:05.023282] [20029] [info] [IPlugin.h:35(IPlugin)] plugin[UserManagePlugin] started
[2021-02-10 16:13:05.023371] [20029] [info] [IPlugin.h:35(IPlugin)] plugin[MarketPlugin] started
[2021-02-10 16:13:05.023465] [20029] [info] [CTcpServer.cpp:16(CTcpServer)] after doAccept
[2021-02-10 16:15:46.014480] [20029] [info] [CTcpServer.cpp:36(operator())] socketfd is 8
[2021-02-10 16:15:46.015556] [20029] [error] [CTcpSession.cpp:96(operator())] contentLen oversize, ftdc_topicid[12325]
[2021-02-10 16:15:46.015863] [20029] [error] [CTcpSession.cpp:96(operator())] contentLen oversize, ftdc_topicid[12327]
[2021-02-10 16:40:51.494082] [57620] [info] [Init.h:39(SetLogger)] Server Start!
[2021-02-10 16:40:59.532884] [57620] [info] [IPlugin.h:35(IPlugin)] plugin[UserManagePlugin] started
[2021-02-10 16:40:59.533228] [57620] [info] [IPlugin.h:35(IPlugin)] plugin[MarketPlugin] started
[2021-02-10 16:40:59.533325] [57620] [info] [CTcpServer.cpp:16(CTcpServer)] after doAccept
[2021-02-10 16:41:08.543226] [57620] [info] [CTcpServer.cpp:36(operator())] socketfd is 8
[2021-02-10 16:41:08.544818] [57620] [error] [CTcpSession.cpp:96(operator())] contentLen oversize, ftdc_topicid[12325]
[2021-02-10 16:41:08.545209] [57620] [error] [CTcpSession.cpp:96(operator())] contentLen oversize, ftdc_topicid[12327]
[2021-02-10 16:41:09.542226] [57620] [error] [CTcpSession.cpp:96(operator())] contentLen oversize, ftdc_topicid[12288]
[2021-02-10 16:45:21.292755] [63918] [info] [Init.h:39(SetLogger)] Server Start!
[2021-02-10 16:45:21.293146] [63918] [info] [IPlugin.h:35(IPlugin)] plugin[UserManagePlugin] started
[2021-02-10 16:45:21.293202] [63918] [info] [IPlugin.h:35(IPlugin)] plugin[MarketPlugin] started
[2021-02-10 16:45:21.293263] [63918] [info] [CTcpServer.cpp:16(CTcpServer)] after doAccept
[2021-02-10 16:45:26.411078] [63918] [info] [CTcpServer.cpp:36(operator())] socketfd is 8
[2021-02-10 16:45:26.412153] [63918] [error] [CTcpSession.cpp:96(operator())] contentLen oversize, ftdc_topicid[12325]
[2021-02-10 16:45:26.412472] [63918] [error] [CTcpSession.cpp:96(operator())] contentLen oversize, ftdc_topicid[12327]
[2021-02-10 16:45:45.658016] [64490] [info] [Init.h:39(SetLogger)] Server Start!
[2021-02-10 16:45:51.621508] [64490] [info] [IPlugin.h:35(IPlugin)] plugin[UserManagePlugin] started
[2021-02-10 16:45:51.621761] [64490] [info] [IPlugin.h:35(IPlugin)] plugin[MarketPlugin] started
[2021-02-10 16:45:51.621849] [64490] [info] [CTcpServer.cpp:16(CTcpServer)] after doAccept
[2021-02-10 16:45:57.681351] [64490] [info] [CTcpServer.cpp:36(operator())] socketfd is 8
[2021-02-10 16:45:57.682169] [64490] [error] [CTcpSession.cpp:96(operator())] contentLen oversize, ftdc_topicid[12325]
[2021-02-10 16:45:57.682517] [64490] [error] [CTcpSession.cpp:96(operator())] contentLen oversize, ftdc_topicid[12327]
[2021-02-10 16:49:09.116693] [69295] [info] [Init.h:39(SetLogger)] Server Start!
[2021-02-10 16:49:09.117249] [69295] [info] [IPlugin.h:35(IPlugin)] plugin[UserManagePlugin] started
[2021-02-10 16:49:09.117320] [69295] [info] [IPlugin.h:35(IPlugin)] plugin[MarketPlugin] started
[2021-02-10 16:49:09.117393] [69295] [info] [CTcpServer.cpp:16(CTcpServer)] after doAccept
[2021-02-10 16:49:23.395897] [69639] [info] [Init.h:39(SetLogger)] Server Start!
[2021-02-10 16:49:23.397669] [69639] [info] [IPlugin.h:35(IPlugin)] plugin[UserManagePlugin] started
[2021-02-10 16:49:23.398355] [69639] [info] [IPlugin.h:35(IPlugin)] plugin[MarketPlugin] started
[2021-02-10 16:49:23.398437] [69639] [info] [CTcpServer.cpp:16(CTcpServer)] after doAccept
[2021-02-10 16:49:30.783979] [69639] [info] [CTcpServer.cpp:36(operator())] socketfd is 8
